#
# There is insufficient memory for the Java Runtime Environment to continue.
# Native memory allocation (malloc) failed to allocate 1048576 bytes for AllocateHeap
# Possible reasons:
#   The system is out of physical RAM or swap space
#   The process is running with CompressedOops enabled, and the Java Heap may be blocking the growth of the native heap
# Possible solutions:
#   Reduce memory load on the system
#   Increase physical memory or swap space
#   Check if swap backing store is full
#   Decrease Java heap size (-Xmx/-Xms)
#   Decrease number of Java threads
#   Decrease Java thread stack sizes (-Xss)
#   Set larger code cache with -XX:ReservedCodeCacheSize=
#   JVM is running with Unscaled Compressed Oops mode in which the Java heap is
#     placed in the first 4GB address space. The Java Heap base address is the
#     maximum limit for the native heap growth. Please use -XX:HeapBaseMinAddress
#     to set the Java Heap base and to place the Java Heap above 4GB virtual address.
# This output file may be truncated or incomplete.
#
#  Out of Memory Error (memory/allocation.inline.hpp:61), pid=3396, tid=0x0000000000001bb4
#
# JRE version:  (8.0_251-b08) (build )
# Java VM: Java HotSpot(TM) 64-Bit Server VM (25.251-b08 mixed mode windows-amd64 compressed oops)
# Failed to write core dump. Minidumps are not enabled by default on client versions of Windows
#

---------------  T H R E A D  ---------------

Current thread (0x000000000231d800):  JavaThread "Unknown thread" [_thread_in_vm, id=7092, stack(0x00000000026d0000,0x00000000027d0000)]

Stack: [0x00000000026d0000,0x00000000027d0000]
[error occurred during error reporting (printing stack bounds), id 0xc0000005]

Native frames: (J=compiled Java code, j=interpreted, Vv=VM code, C=native code)


---------------  P R O C E S S  ---------------

Java Threads: ( => current thread )

Other Threads:

=>0x000000000231d800 (exited) JavaThread "Unknown thread" [_thread_in_vm, id=7092, stack(0x00000000026d0000,0x00000000027d0000)]

VM state:not at safepoint (normal execution)

VM Mutex/Monitor currently owned by a thread: None

heap address: 0x00000000a1c00000, size: 1508 MB, Compressed Oops mode: 32-bit
Narrow klass base: 0x0000000000000000, Narrow klass shift: 3
Compressed class space size: 1073741824 Address: 0x0000000100000000

Heap:
 PSYoungGen      total 28672K, used 491K [0x00000000e0980000, 0x00000000e2980000, 0x0000000100000000)
  eden space 24576K, 2% used [0x00000000e0980000,0x00000000e09fae20,0x00000000e2180000)
  from space 4096K, 0% used [0x00000000e2580000,0x00000000e2580000,0x00000000e2980000)
  to   space 4096K, 0% used [0x00000000e2180000,0x00000000e2180000,0x00000000e2580000)
 ParOldGen       total 65536K, used 0K [0x00000000a1c00000, 0x00000000a5c00000, 0x00000000e0980000)
  object space 65536K, 0% used [0x00000000a1c00000,0x00000000a1c00000,0x00000000a5c00000)
 Metaspace       used 752K, capacity 4480K, committed 4480K, reserved 1056768K
  class space    used 76K, capacity 384K, committed 384K, reserved 1048576K

Card table byte_map: [0x0000000011c90000,0x0000000011f90000] byte_map_base: 0x0000000011782000

Marking Bits: (ParMarkBitMap*) 0x000000005678af90
 Begin Bits: [0x0000000012590000, 0x0000000013d20000)
 End Bits:   [0x0000000013d20000, 0x00000000154b0000)

Polling page: 0x0000000000a20000

CodeCache: size=245760Kb used=328Kb max_used=328Kb free=245431Kb
 bounds [0x00000000028d0000, 0x0000000002b40000, 0x00000000118d0000]
 total_blobs=58 nmethods=0 adapters=38
 compilation: enabled

Compilation events (0 events):
No events

GC Heap History (0 events):
No events

Deoptimization events (0 events):
No events

Classes redefined (0 events):
No events

Internal exceptions (0 events):
No events

Events (10 events):
Event: 0.019 loading class java/lang/Short
Event: 0.019 loading class java/lang/Short done
Event: 0.019 loading class java/lang/Integer
Event: 0.019 loading class java/lang/Integer done
Event: 0.019 loading class java/lang/Long
Event: 0.019 loading class java/lang/Long done
Event: 0.019 loading class java/lang/NullPointerException
Event: 0.019 loading class java/lang/NullPointerException done
Event: 0.019 loading class java/lang/ArithmeticException
Event: 0.020 loading class java/lang/ArithmeticException done


Dynamic libraries:
0x00007ff6f9cd0000 - 0x00007ff6f9d07000 	C:\Program Files\Java\jre1.8.0_251\bin\javaw.exe
0x00007ff9d7100000 - 0x00007ff9d72f0000 	C:\WINDOWS\SYSTEM32\ntdll.dll
0x00007ff9d5210000 - 0x00007ff9d52c2000 	C:\WINDOWS\System32\KERNEL32.DLL
0x00007ff9d4b00000 - 0x00007ff9d4da4000 	C:\WINDOWS\System32\KERNELBASE.dll
0x00007ff9d2020000 - 0x00007ff9d20af000 	C:\WINDOWS\SYSTEM32\apphelp.dll
0x00007ff9d5470000 - 0x00007ff9d5513000 	C:\WINDOWS\System32\ADVAPI32.dll
0x00007ff9d6f90000 - 0x00007ff9d702e000 	C:\WINDOWS\System32\msvcrt.dll
0x00007ff9d6d60000 - 0x00007ff9d6df7000 	C:\WINDOWS\System32\sechost.dll
0x00007ff9d6ab0000 - 0x00007ff9d6bd0000 	C:\WINDOWS\System32\RPCRT4.dll
0x00007ff9d52d0000 - 0x00007ff9d5464000 	C:\WINDOWS\System32\USER32.dll
0x00007ff9d4db0000 - 0x00007ff9d4dd1000 	C:\WINDOWS\System32\win32u.dll
0x00007ff9d6ed0000 - 0x00007ff9d6ef6000 	C:\WINDOWS\System32\GDI32.dll
0x00007ff9d4fc0000 - 0x00007ff9d5155000 	C:\WINDOWS\System32\gdi32full.dll
0x00007ff9d4090000 - 0x00007ff9d412e000 	C:\WINDOWS\System32\msvcp_win.dll
0x00007ff9d4de0000 - 0x00007ff9d4eda000 	C:\WINDOWS\System32\ucrtbase.dll
0x00007ff9c2560000 - 0x00007ff9c27e4000 	C:\WINDOWS\WinSxS\amd64_microsoft.windows.common-controls_6595b64144ccf1df_6.0.18362.900_none_e6beb9d913147d17\COMCTL32.dll
0x00007ff9d6260000 - 0x00007ff9d6595000 	C:\WINDOWS\System32\combase.dll
0x00007ff9d4130000 - 0x00007ff9d41b0000 	C:\WINDOWS\System32\bcryptPrimitives.dll
0x00007ff9d6230000 - 0x00007ff9d625e000 	C:\WINDOWS\System32\IMM32.DLL
0x0000000055e80000 - 0x0000000055f52000 	C:\Program Files\Java\jre1.8.0_251\bin\msvcr100.dll
0x0000000055f60000 - 0x000000005680b000 	C:\Program Files\Java\jre1.8.0_251\bin\server\jvm.dll
0x00007ff9d60e0000 - 0x00007ff9d60e8000 	C:\WINDOWS\System32\PSAPI.DLL
0x00007ff9d20e0000 - 0x00007ff9d2104000 	C:\WINDOWS\SYSTEM32\WINMM.dll
0x00007ff9cdf70000 - 0x00007ff9cdf7a000 	C:\WINDOWS\SYSTEM32\VERSION.dll
0x00007ff9c5d10000 - 0x00007ff9c5d19000 	C:\WINDOWS\SYSTEM32\WSOCK32.dll
0x00007ff9d6a40000 - 0x00007ff9d6aaf000 	C:\WINDOWS\System32\WS2_32.dll
0x00007ff9d20b0000 - 0x00007ff9d20dd000 	C:\WINDOWS\SYSTEM32\WINMMBASE.dll
0x00007ff9d5160000 - 0x00007ff9d51aa000 	C:\WINDOWS\System32\cfgmgr32.dll
0x00007ff9d1910000 - 0x00007ff9d191f000 	C:\Program Files\Java\jre1.8.0_251\bin\verify.dll
0x00007ff9c41f0000 - 0x00007ff9c4219000 	C:\Program Files\Java\jre1.8.0_251\bin\java.dll
0x00007ff9cd2e0000 - 0x00007ff9cd2f6000 	C:\Program Files\Java\jre1.8.0_251\bin\zip.dll

VM Arguments:
jvm_args: -Dfile.encoding=UTF-8 
java_command: xunit.XUnitEx
java_class_path (initial): C:\workspace_spring\xun\bin
Launcher Type: SUN_STANDARD

Environment Variables:
PATH=C:/Program Files/Java/jre1.8.0_251/bin/server;C:/Program Files/Java/jre1.8.0_251/bin;C:/Program Files/Java/jre1.8.0_251/lib/amd64;C:\oraclexe\app\oracle\product\11.2.0\server\bin;C:\Program Files (x86)\Common Files\Oracle\Java\javapath;C:\WINDOWS\system32;C:\WINDOWS;C:\WINDOWS\System32\Wbem;C:\WINDOWS\System32\WindowsPowerShell\v1.0\;C:\WINDOWS\System32\OpenSSH\;C:\Program Files\nodejs\;C:\Program Files\Git\cmd;C:\Users\cloud\AppData\Local\Microsoft\WindowsApps;C:\Users\cloud\AppData\Local\Programs\Microsoft VS Code\bin;C:\Users\cloud\AppData\Roaming\npm;C:\Users\cloud\Spring\STS.4.15\contents\sts-4.6.2.RELEASE;
USERNAME=cloud
OS=Windows_NT
PROCESSOR_IDENTIFIER=Intel64 Family 6 Model 60 Stepping 3, GenuineIntel



---------------  S Y S T E M  ---------------

OS: Windows 10.0 , 64 bit Build 18362 (10.0.18362.900)

CPU:total 4 (initial active 4) (4 cores per cpu, 1 threads per core) family 6 model 60 stepping 3, cmov, cx8, fxsr, mmx, sse, sse2, sse3, ssse3, sse4.1, sse4.2, popcnt, avx, avx2, aes, clmul, erms, lzcnt, tsc, tscinvbit, bmi1, bmi2

Memory: 4k page, physical 6174212k(1062640k free), swap 6174212k(5472k free)

vm_info: Java HotSpot(TM) 64-Bit Server VM (25.251-b08) for windows-amd64 JRE (1.8.0_251-b08), built on Mar 12 2020 06:31:49 by "" with MS VC++ 10.0 (VS2010)

time: Sun Jul 19 00:12:29 2020
timezone: 대한민국 표준시
elapsed time: 0 seconds (0d 0h 0m 0s)

